


ARM Macro Assembler    Page 1 


    1 00000000         ; ***********************************************;
    2 00000000         ;  File: HW5Conversion.s       ;
    3 00000000         ;  Programmer:  Austin Gailey      ;
    4 00000000         ;  Description: A program to convert IEEE to TNS ;
    5 00000000         ;    and vis versa                 ;
    6 00000000         ;  Date: 16 March 2018        ;
    7 00000000         ;************************************************;
    8 00000000         
    9 00000000                 AREA             H5Conversion, CODE, READONLY
   10 00000000                 EXPORT           main
   11 00000000 7F200107 
                       TNSNumber
                               DCD              0x7F200107  ;Enter TNS  # here
   12 00000004 433F9000 
                       IEEENumber
                               DCD              0x433F9000  ;Enter IEEE # here
   13 00000008         
   14 00000008                 ENTRY
   15 00000008         main
   16 00000008 F85F 300C       LDR              r3,TNSNumber ;Load TNSNumber in
                                                            to r3
   17 0000000C F85F 400C       LDR              r4,IEEENumber ;Load IEEENumber 
                                                            into r4
   18 00000010 F000 F80B       BL               TNSToIEEE   ;Branch with link t
                                                            o TNSToIEEE
   19 00000014 4544            CMP              r4,r8       ;Compares source IE
                                                            EE with converted T
                                                            NS
   20 00000016 BF08 F04F 
              3AFF             MOVEQ            r10,#&FFFFFFFF ;Test equivalenc
                                                            e for debugging
   21 0000001C F000 F823       BL               IEEEToTNS   ;Branch with link t
                                                            o IEEEToTNS
   22 00000020 454B            CMP              r3,r9       ;Compares source TN
                                                            S with converted IE
                                                            EE
   23 00000022 BF08 F04F 
              3BFF             MOVEQ            r11,#&FFFFFFFF ;Test equivalenc
                                                            e for debugging
   24 00000028 E036            B                exit        ;Branch to exit
   25 0000002A         TNSToIEEE
   26 0000002A F8DF A070       LDR              r10,maskTNSsign ;Load mask
   27 0000002E EA03 050A       AND              r5,r3,r10   ;Mask sign digit
   28 00000032 F8DF A06C       LDR              r10,maskTNSexponent ;Load mask
   29 00000036 EA03 060A       AND              r6,r3,r10   ;Mask Exponent
   30 0000003A F5A6 7680       SUB              r6,#&100    ;Subtract 256
   31 0000003E F106 067F       ADD              r6,#&7F     ;Add 127
   32 00000042 2EFE            CMP              r6,#&FE     ;Compare if Exponen
                                                            t is greater than 2
                                                            54
   33 00000044 BFC8 F04F 
              3811             MOVGT            r8,#&11111111 ;For debugging
   34 0000004A DC25            BGT              exit        ;Terminate if great
                                                            er - cannot convert
                                                            
   35 0000004C EA4F 56C6       LSL              r6,r6,#23   ;Logical shift left
                                                             23 bits
   36 00000050 F8DF A050       LDR              r10,maskTNSsignificant 
                                                            ;Load mask



ARM Macro Assembler    Page 2 


   37 00000054 EA03 070A       AND              r7,r3,r10   ;Mask Significant
   38 00000058 EA4F 2757       LSR              r7,r7,#9    ;Logical shift righ
                                                            t 9 bits
   39 0000005C EA45 0806       ORR              r8,r5,r6    ;Combine bits to cr
                                                            eate IEEE format
   40 00000060 EA48 0807       ORR              r8,r7       ;Combine bits to cr
                                                            eate IEEE format
   41 00000064 4770            BX               lr          ;Branch to program 
                                                            counter
   42 00000066         IEEEToTNS
   43 00000066 F8DF B040       LDR              r11,maskIEEEsign ;Load mask
   44 0000006A EA04 050B       AND              r5,r4,r11   ;Mask sign digit
   45 0000006E F8DF B03C       LDR              r11,maskIEEEexponent ;Load mask
                                                            
   46 00000072 EA04 060B       AND              r6,r4,r11   ;Mask Exponent
   47 00000076 EA4F 56D6       LSR              r6,r6,#23   ;Logical shift righ
                                                            t 23 bits
   48 0000007A F506 7680       ADD              r6,#&100    ;Add 256
   49 0000007E F1A6 067F       SUB              r6,#&7F     ;Subtract 127
   50 00000082 F8DF B02C       LDR              r11,maskIEEEsignificant 
                                                            ;Load mask
   51 00000086 EA04 070B       AND              r7,r4,r11   ;Mask Significant
   52 0000008A EA4F 2747       LSL              r7,r7,#9    ;Logical shift left
                                                             9 bits
   53 0000008E EA45 0906       ORR              r9,r5,r6    ;Combine bits to cr
                                                            eate TNS format
   54 00000092 EA49 0907       ORR              r9,r7       ;Combine bits to cr
                                                            eate TNS format
   55 00000096 4770            BX               lr          ;Branch to program 
                                                            counter
   56 00000098         exit
   57 00000098 E7FE            B                .           ;Branch to self
   58 0000009A 00 00           ALIGN
   59 0000009C 80000000 
                       maskTNSsign
                               DCD              0x80000000
   60 000000A0 000001FF 
                       maskTNSexponent
                               DCD              0x000001FF
   61 000000A4 7FFFFE00 
                       maskTNSsignificant
                               DCD              0x7FFFFE00
   62 000000A8         
   63 000000A8 80000000 
                       maskIEEEsign
                               DCD              0x80000000
   64 000000AC 7F800000 
                       maskIEEEexponent
                               DCD              0x7F800000
   65 000000B0 007FFFFF 
                       maskIEEEsignificant
                               DCD              0x007FFFFF
   66 000000B4                 END
Command Line: --debug --xref --diag_suppress=9931 --cpu=Cortex-M3 --apcs=interw
ork --depend=.\objects\h5conversion.d -o.\objects\h5conversion.o -I.\RTE\_Targe
t_1 -I"C:\Program Files\ARM\PACK\ARM\CMSIS\5.0.1\CMSIS\Include" -I"C:\Program F
iles\ARM\PACK\ARM\CMSIS\5.0.1\Device\ARM\ARMCM3\Include" --predefine="__EVAL SE
TA 1" --predefine="__UVISION_VERSION SETA 524" --predefine="_RTE_ SETA 1" --pre
define="ARMCM3 SETA 1" --list=.\listings\h5conversion.lst H5Conversion.s



ARM Macro Assembler    Page 1 Alphabetic symbol ordering
Relocatable symbols

H5Conversion 00000000

Symbol: H5Conversion
   Definitions
      At line 9 in file H5Conversion.s
   Uses
      None
Comment: H5Conversion unused
IEEENumber 00000004

Symbol: IEEENumber
   Definitions
      At line 12 in file H5Conversion.s
   Uses
      At line 17 in file H5Conversion.s
Comment: IEEENumber used once
IEEEToTNS 00000066

Symbol: IEEEToTNS
   Definitions
      At line 42 in file H5Conversion.s
   Uses
      At line 21 in file H5Conversion.s
Comment: IEEEToTNS used once
TNSNumber 00000000

Symbol: TNSNumber
   Definitions
      At line 11 in file H5Conversion.s
   Uses
      At line 16 in file H5Conversion.s
Comment: TNSNumber used once
TNSToIEEE 0000002A

Symbol: TNSToIEEE
   Definitions
      At line 25 in file H5Conversion.s
   Uses
      At line 18 in file H5Conversion.s
Comment: TNSToIEEE used once
exit 00000098

Symbol: exit
   Definitions
      At line 56 in file H5Conversion.s
   Uses
      At line 24 in file H5Conversion.s
      At line 34 in file H5Conversion.s

main 00000008

Symbol: main
   Definitions
      At line 15 in file H5Conversion.s
   Uses
      At line 10 in file H5Conversion.s
Comment: main used once
maskIEEEexponent 000000AC




ARM Macro Assembler    Page 2 Alphabetic symbol ordering
Relocatable symbols

Symbol: maskIEEEexponent
   Definitions
      At line 64 in file H5Conversion.s
   Uses
      At line 45 in file H5Conversion.s
Comment: maskIEEEexponent used once
maskIEEEsign 000000A8

Symbol: maskIEEEsign
   Definitions
      At line 63 in file H5Conversion.s
   Uses
      At line 43 in file H5Conversion.s
Comment: maskIEEEsign used once
maskIEEEsignificant 000000B0

Symbol: maskIEEEsignificant
   Definitions
      At line 65 in file H5Conversion.s
   Uses
      At line 50 in file H5Conversion.s
Comment: maskIEEEsignificant used once
maskTNSexponent 000000A0

Symbol: maskTNSexponent
   Definitions
      At line 60 in file H5Conversion.s
   Uses
      At line 28 in file H5Conversion.s
Comment: maskTNSexponent used once
maskTNSsign 0000009C

Symbol: maskTNSsign
   Definitions
      At line 59 in file H5Conversion.s
   Uses
      At line 26 in file H5Conversion.s
Comment: maskTNSsign used once
maskTNSsignificant 000000A4

Symbol: maskTNSsignificant
   Definitions
      At line 61 in file H5Conversion.s
   Uses
      At line 36 in file H5Conversion.s
Comment: maskTNSsignificant used once
13 symbols
347 symbols in table
