


ARM Macro Assembler    Page 1 


    1 00000000                 AREA             gcd1, CODE, READONLY ; name thi
                                                            s block of code
    2 00000000                 EXPORT           main
    3 00000000                 ENTRY                        ; mark first instru
                                                            ction
    4 00000000         main                                 ; to execute
    5 00000000         start
    6 00000000 F04F 000C       MOV              r0, #12     ; Set up parameters
                                                            
    7 00000004 F04F 0103       MOV              r1, #3
    8 00000008 F000 F801       BL               gcd         ; Call subroutine
    9 0000000C DF11            SWI              0x11        ; terminate
   10 0000000E         
   11 0000000E         gcd
   12 0000000E 4288            CMP              r0, r1
   13 00000010 D008            BEQ              end
   14 00000012 DB03            BLT              less
   15 00000014 EBA0 0001       SUB              r0, r0, r1
   16 00000018 BFE8 E7F8       BAL              gcd
   17 0000001C         less
   18 0000001C EBA1 0100       SUB              r1, r1, r0
   19 00000020 BFE8 E7F4       BAL              gcd
   20 00000024 46F7    end     MOV              pc,lr
   21 00000026         
   22 00000026                 END
Command Line: --debug --xref --diag_suppress=9931 --cpu=Cortex-M3 --apcs=interw
ork --depend=.\objects\loop1.d -o.\objects\loop1.o -I.\RTE\_Target_1 -I"C:\Prog
ram Files\ARM\PACK\ARM\CMSIS\5.0.1\CMSIS\Include" -I"C:\Program Files\ARM\PACK\
ARM\CMSIS\5.0.1\Device\ARM\ARMCM3\Include" --predefine="__EVAL SETA 1" --predef
ine="__UVISION_VERSION SETA 524" --predefine="_RTE_ SETA 1" --predefine="ARMCM3
 SETA 1" --list=.\listings\loop1.lst C:\Users\agail\Downloads\ARMexamples\ARM20
0\EXAMPLES\CSI2400\LOOP1.s



ARM Macro Assembler    Page 1 Alphabetic symbol ordering
Relocatable symbols

end 00000024

Symbol: end
   Definitions
      At line 20 in file C:\Users\agail\Downloads\ARMexamples\ARM200\EXAMPLES\C
SI2400\LOOP1.s
   Uses
      At line 13 in file C:\Users\agail\Downloads\ARMexamples\ARM200\EXAMPLES\C
SI2400\LOOP1.s
Comment: end used once
gcd 0000000E

Symbol: gcd
   Definitions
      At line 11 in file C:\Users\agail\Downloads\ARMexamples\ARM200\EXAMPLES\C
SI2400\LOOP1.s
   Uses
      At line 8 in file C:\Users\agail\Downloads\ARMexamples\ARM200\EXAMPLES\CS
I2400\LOOP1.s
      At line 16 in file C:\Users\agail\Downloads\ARMexamples\ARM200\EXAMPLES\C
SI2400\LOOP1.s
      At line 19 in file C:\Users\agail\Downloads\ARMexamples\ARM200\EXAMPLES\C
SI2400\LOOP1.s

gcd1 00000000

Symbol: gcd1
   Definitions
      At line 1 in file C:\Users\agail\Downloads\ARMexamples\ARM200\EXAMPLES\CS
I2400\LOOP1.s
   Uses
      None
Comment: gcd1 unused
less 0000001C

Symbol: less
   Definitions
      At line 17 in file C:\Users\agail\Downloads\ARMexamples\ARM200\EXAMPLES\C
SI2400\LOOP1.s
   Uses
      At line 14 in file C:\Users\agail\Downloads\ARMexamples\ARM200\EXAMPLES\C
SI2400\LOOP1.s
Comment: less used once
main 00000000

Symbol: main
   Definitions
      At line 4 in file C:\Users\agail\Downloads\ARMexamples\ARM200\EXAMPLES\CS
I2400\LOOP1.s
   Uses
      At line 2 in file C:\Users\agail\Downloads\ARMexamples\ARM200\EXAMPLES\CS
I2400\LOOP1.s
Comment: main used once
start 00000000

Symbol: start
   Definitions
      At line 5 in file C:\Users\agail\Downloads\ARMexamples\ARM200\EXAMPLES\CS
I2400\LOOP1.s



ARM Macro Assembler    Page 2 Alphabetic symbol ordering
Relocatable symbols

   Uses
      None
Comment: start unused
6 symbols
340 symbols in table
