


ARM Macro Assembler    Page 1 


    1 00000000         
    2 00000000         
    3 00000000                 AREA             HW3, CODE, READONLY
    4 00000000                 EXPORT           main
    5 00000000 54 68 65 
              20 67 72 
              65 79 20 
              66 6F 78 
              20 6A 75 
              6D 70 65 
              64 20 6F 
              76 65 72 
              20 74 68 
              65 20 77 
              61 6C 6C 
              0A 0D 00 str     DCB              "The grey fox jumped over the w
all",&0a,&0d,0
    6 00000024                 ENTRY
    7 00000024         main
    8 00000024         
    9 00000024 F85F 2028       ldr              r2,str
   10 00000028 F04F 0100       mov              r1,#0
   11 0000002C         loop
   12 0000002C F812 1B01       LDRB             r1,[r2],#1
   13 00000030 F000 F802       bl               ParseCount
   14 00000034 2900            cmp              r1,#0
   15 00000036 D1F9            bne              loop
   16 00000038         ParseCount
   17 00000038 F091 0F41       teq              r1,#'A'
   18 0000003C DB03            blt              lower
   19 0000003E F091 0F5A       teq              r1,#'Z'
   20 00000042 DC00            bgt              lower
   21 00000044 4770            bx               lr
   22 00000046         lower
   23 00000046 F091 0F61       teq              r1,#'a'
   24 0000004A DBEF            blt              loop
   25 0000004C F091 0F7A       teq              r1,#'z'
   26 00000050 DCEC            bgt              loop
   27 00000052 4770            bx               lr
   28 00000054                 END
Command Line: --debug --xref --diag_suppress=9931 --cpu=Cortex-M3 --apcs=interw
ork --depend=.\objects\printtext.d -o.\objects\printtext.o -I.\RTE\_Target_1 -I
"C:\Program Files\ARM\PACK\ARM\CMSIS\5.0.1\CMSIS\Include" -I"C:\Program Files\A
RM\PACK\ARM\CMSIS\5.0.1\Device\ARM\ARMCM3\Include" --predefine="__EVAL SETA 1" 
--predefine="__UVISION_VERSION SETA 524" --predefine="_RTE_ SETA 1" --predefine
="ARMCM3 SETA 1" --list=.\listings\printtext.lst C:\Users\agail\Downloads\ARMex
amples\ARM200\EXAMPLES\CSI2400\PrintText.s



ARM Macro Assembler    Page 1 Alphabetic symbol ordering
Relocatable symbols

HW3 00000000

Symbol: HW3
   Definitions
      At line 3 in file C:\Users\agail\Downloads\ARMexamples\ARM200\EXAMPLES\CS
I2400\PrintText.s
   Uses
      None
Comment: HW3 unused
ParseCount 00000038

Symbol: ParseCount
   Definitions
      At line 16 in file C:\Users\agail\Downloads\ARMexamples\ARM200\EXAMPLES\C
SI2400\PrintText.s
   Uses
      At line 13 in file C:\Users\agail\Downloads\ARMexamples\ARM200\EXAMPLES\C
SI2400\PrintText.s
Comment: ParseCount used once
loop 0000002C

Symbol: loop
   Definitions
      At line 11 in file C:\Users\agail\Downloads\ARMexamples\ARM200\EXAMPLES\C
SI2400\PrintText.s
   Uses
      At line 15 in file C:\Users\agail\Downloads\ARMexamples\ARM200\EXAMPLES\C
SI2400\PrintText.s
      At line 24 in file C:\Users\agail\Downloads\ARMexamples\ARM200\EXAMPLES\C
SI2400\PrintText.s
      At line 26 in file C:\Users\agail\Downloads\ARMexamples\ARM200\EXAMPLES\C
SI2400\PrintText.s

lower 00000046

Symbol: lower
   Definitions
      At line 22 in file C:\Users\agail\Downloads\ARMexamples\ARM200\EXAMPLES\C
SI2400\PrintText.s
   Uses
      At line 18 in file C:\Users\agail\Downloads\ARMexamples\ARM200\EXAMPLES\C
SI2400\PrintText.s
      At line 20 in file C:\Users\agail\Downloads\ARMexamples\ARM200\EXAMPLES\C
SI2400\PrintText.s

main 00000024

Symbol: main
   Definitions
      At line 7 in file C:\Users\agail\Downloads\ARMexamples\ARM200\EXAMPLES\CS
I2400\PrintText.s
   Uses
      At line 4 in file C:\Users\agail\Downloads\ARMexamples\ARM200\EXAMPLES\CS
I2400\PrintText.s
Comment: main used once
str 00000000

Symbol: str
   Definitions



ARM Macro Assembler    Page 2 Alphabetic symbol ordering
Relocatable symbols

      At line 5 in file C:\Users\agail\Downloads\ARMexamples\ARM200\EXAMPLES\CS
I2400\PrintText.s
   Uses
      At line 9 in file C:\Users\agail\Downloads\ARMexamples\ARM200\EXAMPLES\CS
I2400\PrintText.s
Comment: str used once
6 symbols
340 symbols in table
